ERROR 2024-11-21 16:11:28,902 views SSLCommerz & mock Error: FAILED, Reason: Currency mismatch, Response: {'status': 'FAILED', 'failedreason': 'Currency mismatch'}
ERROR 2024-11-21 16:11:28,902 views Payment initiation failed on attempt 1: Payment gateway returned failure: Currency mismatch
ERROR 2024-11-21 16:11:30,915 views SSLCommerz & mock Error: FAILED, Reason: Duplicate transaction ID, Response: {'status': 'FAILED', 'failedreason': 'Duplicate transaction ID'}
ERROR 2024-11-21 16:11:30,915 views Payment initiation failed on attempt 2: Payment gateway returned failure: Duplicate transaction ID
ERROR 2024-11-21 16:11:37,916 views SSLCommerz & mock Error: FAILED, Reason: Timeout occurred, Response: {'status': 'FAILED', 'failedreason': 'Timeout occurred'}
ERROR 2024-11-21 16:11:37,916 views Payment initiation failed on attempt 3: Payment gateway returned failure: Timeout occurred
ERROR 2024-11-21 16:11:39,918 views SSLCommerz & mock Error: FAILED, Reason: Invalid amount, Response: {'status': 'FAILED', 'failedreason': 'Invalid amount'}
ERROR 2024-11-21 16:11:39,918 views Payment initiation failed on attempt 4: Payment gateway returned failure: Invalid amount
ERROR 2024-11-21 16:11:41,918 views SSLCommerz & mock Error: FAILED, Reason: Invalid store ID, Response: {'status': 'FAILED', 'failedreason': 'Invalid store ID'}
ERROR 2024-11-21 16:11:41,918 views Payment initiation failed on attempt 5: Payment gateway returned failure: Invalid store ID
ERROR 2024-11-21 16:11:43,923 views SSLCommerz & mock Error: FAILED, Reason: Session expired, Response: {'status': 'FAILED', 'failedreason': 'Session expired'}
ERROR 2024-11-21 16:11:43,923 views Payment initiation failed on attempt 6: Payment gateway returned failure: Session expired
ERROR 2024-11-21 16:11:45,941 views Payment initiation failed on attempt 7: Simulated network failure
ERROR 2024-11-21 16:11:47,946 views Payment initiation failed after 7 attempts.
ERROR 2024-11-21 16:12:17,362 views Payment initiation failed on attempt 1: Simulated network failure
ERROR 2024-11-21 16:12:19,375 views SSLCommerz & mock Error: FAILED, Reason: Currency mismatch, Response: {'status': 'FAILED', 'failedreason': 'Currency mismatch'}
ERROR 2024-11-21 16:12:19,375 views Payment initiation failed on attempt 2: Payment gateway returned failure: Currency mismatch
ERROR 2024-11-21 16:12:26,375 views SSLCommerz & mock Error: FAILED, Reason: Timeout occurred, Response: {'status': 'FAILED', 'failedreason': 'Timeout occurred'}
ERROR 2024-11-21 16:12:26,375 views Payment initiation failed on attempt 3: Payment gateway returned failure: Timeout occurred
ERROR 2024-11-21 16:12:28,376 views SSLCommerz & mock Error: FAILED, Reason: Invalid amount, Response: {'status': 'FAILED', 'failedreason': 'Invalid amount'}
ERROR 2024-11-21 16:12:28,376 views Payment initiation failed on attempt 4: Payment gateway returned failure: Invalid amount
ERROR 2024-11-21 16:12:30,382 views SSLCommerz & mock Error: FAILED, Reason: Currency mismatch, Response: {'status': 'FAILED', 'failedreason': 'Currency mismatch'}
ERROR 2024-11-21 16:12:30,382 views Payment initiation failed on attempt 5: Payment gateway returned failure: Currency mismatch
ERROR 2024-11-21 16:12:32,384 views SSLCommerz & mock Error: FAILED, Reason: Inactive store, Response: {'status': 'FAILED', 'failedreason': 'Inactive store'}
ERROR 2024-11-21 16:12:32,384 views Payment initiation failed on attempt 6: Payment gateway returned failure: Inactive store
ERROR 2024-11-21 16:12:34,385 views SSLCommerz & mock Error: FAILED, Reason: Invalid store ID, Response: {'status': 'FAILED', 'failedreason': 'Invalid store ID'}
ERROR 2024-11-21 16:12:34,386 views Payment initiation failed on attempt 7: Payment gateway returned failure: Invalid store ID
ERROR 2024-11-21 16:12:36,387 views Payment initiation failed after 7 attempts.
ERROR 2024-11-21 16:12:50,477 views SSLCommerz & mock Error: FAILED, Reason: Session expired, Response: {'status': 'FAILED', 'failedreason': 'Session expired'}
ERROR 2024-11-21 16:12:50,477 views Payment initiation failed on attempt 1: Payment gateway returned failure: Session expired
ERROR 2024-11-21 16:12:52,481 views SSLCommerz & mock Error: FAILED, Reason: Invalid credentials, Response: {'status': 'FAILED', 'failedreason': 'Invalid credentials'}
ERROR 2024-11-21 16:12:52,481 views Payment initiation failed on attempt 2: Payment gateway returned failure: Invalid credentials
